2025-04-04 18:13:57 [INFO] Sistema iniciado. Aguardando QR Codes...
2025-04-04 18:14:33 [INFO] Sistema finalizado manualmente.
2025-04-04 18:15:50 [INFO] Sistema iniciado. Aguardando QR Codes...
2025-04-04 18:16:19 [INFO] Sistema finalizado manualmente.
2025-04-04 18:16:21 [INFO] Sistema iniciado. Aguardando QR Codes...
2025-04-04 18:16:27 [INFO] Código 74108520 válido.
2025-04-04 18:17:16 [INFO] Sistema finalizado manualmente.
2025-04-04 19:00:29 [INFO] Sistema iniciado. Aguardando QR Codes...
2025-04-04 19:01:26 [INFO] Sistema finalizado manualmente.
2025-04-04 19:01:31 [INFO] Sistema iniciado. Aguardando QR Codes...
2025-04-04 19:04:49 [INFO] Sistema finalizado manualmente.
2025-04-04 19:04:51 [INFO] Sistema iniciado. Aguardando QR Codes...
2025-04-04 19:04:55 [INFO] Código 96308520 válido.
2025-04-04 19:05:08 [INFO] Sistema finalizado manualmente.
2025-04-07 13:38:16 [INFO] Sistema iniciado. Aguardando QR Codes...
2025-04-07 13:40:35 [INFO] Sistema finalizado manualmente.
2025-04-07 13:41:08 [INFO] Sistema iniciado. Aguardando QR Codes...
2025-04-07 13:41:48 [INFO] Sistema finalizado manualmente.
2025-04-07 13:42:02 [INFO] Sistema iniciado. Aguardando QR Codes...
2025-04-07 13:43:18 [INFO] Sistema finalizado manualmente.
2025-04-07 13:43:19 [INFO] Sistema iniciado. Aguardando QR Codes...
2025-04-07 13:47:35 [INFO] Sistema finalizado manualmente.
2025-04-07 13:48:40 [INFO] Sistema iniciado. Aguardando QR Codes...
2025-04-07 13:48:44 [ERROR] Código 74108520\n inválido.
2025-04-07 14:09:40 [WARNING] Código 74108520 já foi usado.
2025-04-07 14:10:03 [INFO] Código 74108520 válido.
2025-04-07 14:10:03 [WARNING] GPIO não disponível. Comando não enviado.
2025-04-07 14:12:02 [INFO] Sistema finalizado manualmente.
2025-04-07 14:12:06 [INFO] Sistema iniciado. Aguardando QR Codes...
2025-04-07 14:19:06 [ERROR] Código  inválido.
2025-04-07 14:20:14 [ERROR] Código  inválido.
2025-04-07 14:21:31 [ERROR] Código  inválido.
2025-04-07 15:35:57 [INFO] Monitor de USB iniciado.
2025-04-07 15:35:57 [INFO] Sistema iniciado. Aguardando QR Codes...
2025-04-07 15:35:57 [INFO] Arquivo detectado: /mnt/g/new_codes.txt
2025-04-07 15:35:57 [INFO] Adicionando 4 itens da nova lista.
2025-04-07 15:37:18 [INFO] Arquivo detectado: /mnt/g/new_codes.txt
2025-04-07 15:37:18 [INFO] Adicionando 3 itens da nova lista.
2025-04-07 15:37:58 [INFO] Arquivo detectado: /mnt/g/new_codes.txt
2025-04-07 15:37:58 [INFO] Adicionando 3 itens da nova lista.
2025-04-07 16:54:12 [INFO] Sistema finalizado manualmente.
2025-04-07 16:54:14 [INFO] Monitor de USB iniciado.
2025-04-07 16:54:14 [INFO] Sistema iniciado. Aguardando QR Codes...
2025-04-07 16:54:54 [INFO] Arquivo detectado: /mnt/g/new_codes.txt
2025-04-07 16:54:54 [INFO] Adicionando 1000 itens da nova lista.
2025-04-07 16:55:18 [INFO] Código 577148847740235 válido.
2025-04-07 16:55:18 [WARNING] GPIO não disponível. Comando não enviado.
2025-04-07 16:56:57 [INFO] Sistema finalizado manualmente.
2025-04-07 16:56:58 [INFO] Monitor de USB iniciado.
2025-04-07 16:56:58 [INFO] Sistema iniciado. Aguardando QR Codes...
2025-04-07 16:57:11 [INFO] Código 921264983374039 válido.
2025-04-07 16:57:11 [WARNING] GPIO não disponível. Comando não enviado.
2025-04-07 16:57:21 [ERROR] Código 921264983374038 inválido por verificação.
2025-04-07 16:57:32 [ERROR] Código 921264983374038 inválido por verificação.
